<?xml version="1.0" encoding="UTF-8"?>
<testng-results ignored="0" total="1" passed="1" failed="0" skipped="0">
  <reporter-output>
  </reporter-output>
  <suite started-at="2026-01-20T16:40:26 ICT" name="Surefire suite" finished-at="2026-01-20T16:40:31 ICT" duration-ms="5778">
    <groups>
    </groups>
    <test started-at="2026-01-20T16:40:26 ICT" name="Surefire test" finished-at="2026-01-20T16:40:31 ICT" duration-ms="5778">
      <class name="tests.LoginTest">
        <test-method is-config="true" signature="setUp()[pri:0, instance:tests.LoginTest@18ce0030]" started-at="2026-01-20T16:40:26 ICT" name="setUp" finished-at="2026-01-20T16:40:30 ICT" duration-ms="4433" status="PASS">
          <reporter-output>
          </reporter-output>
        </test-method> <!-- setUp -->
        <test-method signature="testValidLogin()[pri:0, instance:tests.LoginTest@18ce0030]" started-at="2026-01-20T16:40:30 ICT" name="testValidLogin" finished-at="2026-01-20T16:40:31 ICT" duration-ms="1265" status="PASS">
          <reporter-output>
          </reporter-output>
        </test-method> <!-- testValidLogin -->
        <test-method is-config="true" signature="tearDown()[pri:0, instance:tests.LoginTest@18ce0030]" started-at="2026-01-20T16:40:31 ICT" name="tearDown" finished-at="2026-01-20T16:40:31 ICT" duration-ms="1" status="PASS">
          <reporter-output>
          </reporter-output>
        </test-method> <!-- tearDown -->
      </class> <!-- tests.LoginTest -->
    </test> <!-- Surefire test -->
  </suite> <!-- Surefire suite -->
</testng-results>
