<?xml version="1.0" encoding="UTF-8"?>
<testng-results ignored="0" total="1" passed="1" failed="0" skipped="0">
  <reporter-output>
  </reporter-output>
  <suite started-at="2026-01-20T13:13:53 ICT" name="Default suite" finished-at="2026-01-20T13:13:59 ICT" duration-ms="6029">
    <groups>
    </groups>
    <test started-at="2026-01-20T13:13:53 ICT" name="Default test" finished-at="2026-01-20T13:13:59 ICT" duration-ms="6029">
      <class name="tests.LoginTest">
        <test-method is-config="true" signature="setUp()[pri:0, instance:tests.LoginTest@a1153bc]" started-at="2026-01-20T13:13:53 ICT" name="setUp" finished-at="2026-01-20T13:13:58 ICT" duration-ms="4633" status="PASS">
          <reporter-output>
          </reporter-output>
        </test-method> <!-- setUp -->
        <test-method signature="testValidLogin()[pri:0, instance:tests.LoginTest@a1153bc]" started-at="2026-01-20T13:13:58 ICT" name="testValidLogin" finished-at="2026-01-20T13:13:59 ICT" duration-ms="1314" status="PASS">
          <reporter-output>
          </reporter-output>
        </test-method> <!-- testValidLogin -->
        <test-method is-config="true" signature="tearDown()[pri:0, instance:tests.LoginTest@a1153bc]" started-at="2026-01-20T13:13:59 ICT" name="tearDown" finished-at="2026-01-20T13:13:59 ICT" duration-ms="2" status="PASS">
          <reporter-output>
          </reporter-output>
        </test-method> <!-- tearDown -->
      </class> <!-- tests.LoginTest -->
    </test> <!-- Default test -->
  </suite> <!-- Default suite -->
</testng-results>
